[0.030s] Invoking command in '/home/akerem1427/ros2_ws/build/moveit_resources_fanuc_description': CMAKE_PREFIX_PATH=${CMAKE_PREFIX_PATH}:/opt/ros/humble /usr/bin/cmake /home/akerem1427/ros2_ws/src/moveit_resources/fanuc_description -DCMAKE_INSTALL_PREFIX=/home/akerem1427/ros2_ws/install/moveit_resources_fanuc_description
[0.169s] -- The C compiler identification is GNU 11.4.0
[0.598s] -- The CXX compiler identification is GNU 11.4.0
[0.863s] -- Detecting C compiler ABI info
[1.001s] -- Detecting C compiler ABI info - done
[1.010s] -- Check for working C compiler: /usr/bin/cc - skipped
[1.011s] -- Detecting C compile features
[1.011s] -- Detecting C compile features - done
[1.016s] -- Detecting CXX compiler ABI info
[1.146s] -- Detecting CXX compiler ABI info - done
[1.151s] -- Check for working CXX compiler: /usr/bin/c++ - skipped
[1.151s] -- Detecting CXX compile features
[1.153s] -- Detecting CXX compile features - done
[1.156s] -- Found ament_cmake: 1.3.12 (/opt/ros/humble/share/ament_cmake/cmake)
[1.319s] -- Found Python3: /usr/bin/python3 (found version "3.10.12") found components: Interpreter 
[1.485s] -- Configuring done
[1.489s] -- Generating done
[1.491s] -- Build files have been written to: /home/akerem1427/ros2_ws/build/moveit_resources_fanuc_description
[1.497s] Invoked command in '/home/akerem1427/ros2_ws/build/moveit_resources_fanuc_description' returned '0': CMAKE_PREFIX_PATH=${CMAKE_PREFIX_PATH}:/opt/ros/humble /usr/bin/cmake /home/akerem1427/ros2_ws/src/moveit_resources/fanuc_description -DCMAKE_INSTALL_PREFIX=/home/akerem1427/ros2_ws/install/moveit_resources_fanuc_description
[1.498s] Invoking command in '/home/akerem1427/ros2_ws/build/moveit_resources_fanuc_description': CMAKE_PREFIX_PATH=${CMAKE_PREFIX_PATH}:/opt/ros/humble /usr/bin/cmake --build /home/akerem1427/ros2_ws/build/moveit_resources_fanuc_description -- -j8 -l8
[1.535s] Invoked command in '/home/akerem1427/ros2_ws/build/moveit_resources_fanuc_description' returned '0': CMAKE_PREFIX_PATH=${CMAKE_PREFIX_PATH}:/opt/ros/humble /usr/bin/cmake --build /home/akerem1427/ros2_ws/build/moveit_resources_fanuc_description -- -j8 -l8
[1.536s] Invoking command in '/home/akerem1427/ros2_ws/build/moveit_resources_fanuc_description': CMAKE_PREFIX_PATH=${CMAKE_PREFIX_PATH}:/opt/ros/humble /usr/bin/cmake --install /home/akerem1427/ros2_ws/build/moveit_resources_fanuc_description
[1.545s] -- Install configuration: ""
[1.547s] -- Installing: /home/akerem1427/ros2_ws/install/moveit_resources_fanuc_description/share/ament_index/resource_index/package_run_dependencies/moveit_resources_fanuc_description
[1.547s] -- Installing: /home/akerem1427/ros2_ws/install/moveit_resources_fanuc_description/share/ament_index/resource_index/parent_prefix_path/moveit_resources_fanuc_description
[1.547s] -- Installing: /home/akerem1427/ros2_ws/install/moveit_resources_fanuc_description/share/moveit_resources_fanuc_description/environment/ament_prefix_path.sh
[1.547s] -- Installing: /home/akerem1427/ros2_ws/install/moveit_resources_fanuc_description/share/moveit_resources_fanuc_description/environment/ament_prefix_path.dsv
[1.548s] -- Installing: /home/akerem1427/ros2_ws/install/moveit_resources_fanuc_description/share/moveit_resources_fanuc_description/environment/path.sh
[1.548s] -- Installing: /home/akerem1427/ros2_ws/install/moveit_resources_fanuc_description/share/moveit_resources_fanuc_description/environment/path.dsv
[1.548s] -- Installing: /home/akerem1427/ros2_ws/install/moveit_resources_fanuc_description/share/moveit_resources_fanuc_description/local_setup.bash
[1.548s] -- Installing: /home/akerem1427/ros2_ws/install/moveit_resources_fanuc_description/share/moveit_resources_fanuc_description/local_setup.sh
[1.548s] -- Installing: /home/akerem1427/ros2_ws/install/moveit_resources_fanuc_description/share/moveit_resources_fanuc_description/local_setup.zsh
[1.548s] -- Installing: /home/akerem1427/ros2_ws/install/moveit_resources_fanuc_description/share/moveit_resources_fanuc_description/local_setup.dsv
[1.549s] -- Installing: /home/akerem1427/ros2_ws/install/moveit_resources_fanuc_description/share/moveit_resources_fanuc_description/package.dsv
[1.549s] -- Installing: /home/akerem1427/ros2_ws/install/moveit_resources_fanuc_description/share/ament_index/resource_index/packages/moveit_resources_fanuc_description
[1.549s] -- Installing: /home/akerem1427/ros2_ws/install/moveit_resources_fanuc_description/share/moveit_resources_fanuc_description/cmake/moveit_resources_fanuc_descriptionConfig.cmake
[1.549s] -- Installing: /home/akerem1427/ros2_ws/install/moveit_resources_fanuc_description/share/moveit_resources_fanuc_description/cmake/moveit_resources_fanuc_descriptionConfig-version.cmake
[1.550s] -- Installing: /home/akerem1427/ros2_ws/install/moveit_resources_fanuc_description/share/moveit_resources_fanuc_description/package.xml
[1.550s] -- Installing: /home/akerem1427/ros2_ws/install/moveit_resources_fanuc_description/share/moveit_resources_fanuc_description/meshes
[1.550s] -- Installing: /home/akerem1427/ros2_ws/install/moveit_resources_fanuc_description/share/moveit_resources_fanuc_description/meshes/visual
[1.550s] -- Installing: /home/akerem1427/ros2_ws/install/moveit_resources_fanuc_description/share/moveit_resources_fanuc_description/meshes/visual/base_link.stl
[1.551s] -- Installing: /home/akerem1427/ros2_ws/install/moveit_resources_fanuc_description/share/moveit_resources_fanuc_description/meshes/visual/link_1.stl
[1.551s] -- Installing: /home/akerem1427/ros2_ws/install/moveit_resources_fanuc_description/share/moveit_resources_fanuc_description/meshes/visual/link_6.stl
[1.552s] -- Installing: /home/akerem1427/ros2_ws/install/moveit_resources_fanuc_description/share/moveit_resources_fanuc_description/meshes/visual/link_5.stl
[1.553s] -- Installing: /home/akerem1427/ros2_ws/install/moveit_resources_fanuc_description/share/moveit_resources_fanuc_description/meshes/visual/link_3.stl
[1.554s] -- Installing: /home/akerem1427/ros2_ws/install/moveit_resources_fanuc_description/share/moveit_resources_fanuc_description/meshes/visual/link_4.stl
[1.554s] -- Installing: /home/akerem1427/ros2_ws/install/moveit_resources_fanuc_description/share/moveit_resources_fanuc_description/meshes/visual/link_2.stl
[1.556s] -- Installing: /home/akerem1427/ros2_ws/install/moveit_resources_fanuc_description/share/moveit_resources_fanuc_description/meshes/collision
[1.557s] -- Installing: /home/akerem1427/ros2_ws/install/moveit_resources_fanuc_description/share/moveit_resources_fanuc_description/meshes/collision/base_link.stl
[1.557s] -- Installing: /home/akerem1427/ros2_ws/install/moveit_resources_fanuc_description/share/moveit_resources_fanuc_description/meshes/collision/link_1.stl
[1.558s] -- Installing: /home/akerem1427/ros2_ws/install/moveit_resources_fanuc_description/share/moveit_resources_fanuc_description/meshes/collision/link_6.stl
[1.559s] -- Installing: /home/akerem1427/ros2_ws/install/moveit_resources_fanuc_description/share/moveit_resources_fanuc_description/meshes/collision/link_5.stl
[1.559s] -- Installing: /home/akerem1427/ros2_ws/install/moveit_resources_fanuc_description/share/moveit_resources_fanuc_description/meshes/collision/link_3.stl
[1.560s] -- Installing: /home/akerem1427/ros2_ws/install/moveit_resources_fanuc_description/share/moveit_resources_fanuc_description/meshes/collision/link_4.stl
[1.560s] -- Installing: /home/akerem1427/ros2_ws/install/moveit_resources_fanuc_description/share/moveit_resources_fanuc_description/meshes/collision/link_2.stl
[1.561s] -- Installing: /home/akerem1427/ros2_ws/install/moveit_resources_fanuc_description/share/moveit_resources_fanuc_description/urdf
[1.561s] -- Installing: /home/akerem1427/ros2_ws/install/moveit_resources_fanuc_description/share/moveit_resources_fanuc_description/urdf/fanuc.urdf
[1.564s] Invoked command in '/home/akerem1427/ros2_ws/build/moveit_resources_fanuc_description' returned '0': CMAKE_PREFIX_PATH=${CMAKE_PREFIX_PATH}:/opt/ros/humble /usr/bin/cmake --install /home/akerem1427/ros2_ws/build/moveit_resources_fanuc_description
