[0.031s] Invoking command in '/home/akerem1427/ros2_ws/build/moveit_resources_pr2_description': CMAKE_PREFIX_PATH=${CMAKE_PREFIX_PATH}:/opt/ros/humble /usr/bin/cmake /home/akerem1427/ros2_ws/src/moveit_resources/pr2_description -DCMAKE_INSTALL_PREFIX=/home/akerem1427/ros2_ws/install/moveit_resources_pr2_description
[0.201s] -- The C compiler identification is GNU 11.4.0
[0.649s] -- The CXX compiler identification is GNU 11.4.0
[0.946s] -- Detecting C compiler ABI info
[1.098s] -- Detecting C compiler ABI info - done
[1.104s] -- Check for working C compiler: /usr/bin/cc - skipped
[1.104s] -- Detecting C compile features
[1.105s] -- Detecting C compile features - done
[1.107s] -- Detecting CXX compiler ABI info
[1.253s] -- Detecting CXX compiler ABI info - done
[1.262s] -- Check for working CXX compiler: /usr/bin/c++ - skipped
[1.263s] -- Detecting CXX compile features
[1.263s] -- Detecting CXX compile features - done
[1.266s] -- Found ament_cmake: 1.3.12 (/opt/ros/humble/share/ament_cmake/cmake)
[1.431s] -- Found Python3: /usr/bin/python3 (found version "3.10.12") found components: Interpreter 
[1.618s] -- Configuring done
[1.624s] -- Generating done
[1.625s] -- Build files have been written to: /home/akerem1427/ros2_ws/build/moveit_resources_pr2_description
[1.636s] Invoked command in '/home/akerem1427/ros2_ws/build/moveit_resources_pr2_description' returned '0': CMAKE_PREFIX_PATH=${CMAKE_PREFIX_PATH}:/opt/ros/humble /usr/bin/cmake /home/akerem1427/ros2_ws/src/moveit_resources/pr2_description -DCMAKE_INSTALL_PREFIX=/home/akerem1427/ros2_ws/install/moveit_resources_pr2_description
[1.636s] Invoking command in '/home/akerem1427/ros2_ws/build/moveit_resources_pr2_description': CMAKE_PREFIX_PATH=${CMAKE_PREFIX_PATH}:/opt/ros/humble /usr/bin/cmake --build /home/akerem1427/ros2_ws/build/moveit_resources_pr2_description -- -j8 -l8
[1.672s] Invoked command in '/home/akerem1427/ros2_ws/build/moveit_resources_pr2_description' returned '0': CMAKE_PREFIX_PATH=${CMAKE_PREFIX_PATH}:/opt/ros/humble /usr/bin/cmake --build /home/akerem1427/ros2_ws/build/moveit_resources_pr2_description -- -j8 -l8
[1.673s] Invoking command in '/home/akerem1427/ros2_ws/build/moveit_resources_pr2_description': CMAKE_PREFIX_PATH=${CMAKE_PREFIX_PATH}:/opt/ros/humble /usr/bin/cmake --install /home/akerem1427/ros2_ws/build/moveit_resources_pr2_description
[1.681s] -- Install configuration: ""
[1.682s] -- Installing: /home/akerem1427/ros2_ws/install/moveit_resources_pr2_description/share/ament_index/resource_index/package_run_dependencies/moveit_resources_pr2_description
[1.683s] -- Installing: /home/akerem1427/ros2_ws/install/moveit_resources_pr2_description/share/ament_index/resource_index/parent_prefix_path/moveit_resources_pr2_description
[1.683s] -- Installing: /home/akerem1427/ros2_ws/install/moveit_resources_pr2_description/share/moveit_resources_pr2_description/environment/ament_prefix_path.sh
[1.684s] -- Installing: /home/akerem1427/ros2_ws/install/moveit_resources_pr2_description/share/moveit_resources_pr2_description/environment/ament_prefix_path.dsv
[1.684s] -- Installing: /home/akerem1427/ros2_ws/install/moveit_resources_pr2_description/share/moveit_resources_pr2_description/environment/path.sh
[1.684s] -- Installing: /home/akerem1427/ros2_ws/install/moveit_resources_pr2_description/share/moveit_resources_pr2_description/environment/path.dsv
[1.684s] -- Installing: /home/akerem1427/ros2_ws/install/moveit_resources_pr2_description/share/moveit_resources_pr2_description/local_setup.bash
[1.684s] -- Installing: /home/akerem1427/ros2_ws/install/moveit_resources_pr2_description/share/moveit_resources_pr2_description/local_setup.sh
[1.685s] -- Installing: /home/akerem1427/ros2_ws/install/moveit_resources_pr2_description/share/moveit_resources_pr2_description/local_setup.zsh
[1.685s] -- Installing: /home/akerem1427/ros2_ws/install/moveit_resources_pr2_description/share/moveit_resources_pr2_description/local_setup.dsv
[1.685s] -- Installing: /home/akerem1427/ros2_ws/install/moveit_resources_pr2_description/share/moveit_resources_pr2_description/package.dsv
[1.685s] -- Installing: /home/akerem1427/ros2_ws/install/moveit_resources_pr2_description/share/ament_index/resource_index/packages/moveit_resources_pr2_description
[1.686s] -- Installing: /home/akerem1427/ros2_ws/install/moveit_resources_pr2_description/share/moveit_resources_pr2_description/cmake/moveit_resources_pr2_descriptionConfig.cmake
[1.686s] -- Installing: /home/akerem1427/ros2_ws/install/moveit_resources_pr2_description/share/moveit_resources_pr2_description/cmake/moveit_resources_pr2_descriptionConfig-version.cmake
[1.686s] -- Installing: /home/akerem1427/ros2_ws/install/moveit_resources_pr2_description/share/moveit_resources_pr2_description/package.xml
[1.686s] -- Installing: /home/akerem1427/ros2_ws/install/moveit_resources_pr2_description/share/moveit_resources_pr2_description/srdf
[1.687s] -- Installing: /home/akerem1427/ros2_ws/install/moveit_resources_pr2_description/share/moveit_resources_pr2_description/srdf/robot.xml
[1.687s] -- Installing: /home/akerem1427/ros2_ws/install/moveit_resources_pr2_description/share/moveit_resources_pr2_description/urdf
[1.688s] -- Installing: /home/akerem1427/ros2_ws/install/moveit_resources_pr2_description/share/moveit_resources_pr2_description/urdf/robot.xml
[1.689s] -- Installing: /home/akerem1427/ros2_ws/install/moveit_resources_pr2_description/share/moveit_resources_pr2_description/urdf/materials
[1.689s] -- Installing: /home/akerem1427/ros2_ws/install/moveit_resources_pr2_description/share/moveit_resources_pr2_description/urdf/materials/textures
[1.690s] -- Installing: /home/akerem1427/ros2_ws/install/moveit_resources_pr2_description/share/moveit_resources_pr2_description/urdf/materials/textures/pr2_wheel_right.png
[1.690s] -- Installing: /home/akerem1427/ros2_ws/install/moveit_resources_pr2_description/share/moveit_resources_pr2_description/urdf/materials/textures/pr2_wheel_left.png
[1.691s] -- Installing: /home/akerem1427/ros2_ws/install/moveit_resources_pr2_description/share/moveit_resources_pr2_description/urdf/materials/textures/pr2_caster_texture.png
[1.691s] -- Installing: /home/akerem1427/ros2_ws/install/moveit_resources_pr2_description/share/moveit_resources_pr2_description/urdf/meshes
[1.692s] -- Installing: /home/akerem1427/ros2_ws/install/moveit_resources_pr2_description/share/moveit_resources_pr2_description/urdf/meshes/head_v0
[1.693s] -- Installing: /home/akerem1427/ros2_ws/install/moveit_resources_pr2_description/share/moveit_resources_pr2_description/urdf/meshes/head_v0/head_tilt.dae
[1.694s] -- Installing: /home/akerem1427/ros2_ws/install/moveit_resources_pr2_description/share/moveit_resources_pr2_description/urdf/meshes/head_v0/head_tilt_L.stl
[1.694s] -- Installing: /home/akerem1427/ros2_ws/install/moveit_resources_pr2_description/share/moveit_resources_pr2_description/urdf/meshes/head_v0/head_pan_L.stl
[1.694s] -- Installing: /home/akerem1427/ros2_ws/install/moveit_resources_pr2_description/share/moveit_resources_pr2_description/urdf/meshes/head_v0/head_tilt_normals.tif
[1.696s] -- Installing: /home/akerem1427/ros2_ws/install/moveit_resources_pr2_description/share/moveit_resources_pr2_description/urdf/meshes/head_v0/head_tilt_color.tif
[1.702s] -- Installing: /home/akerem1427/ros2_ws/install/moveit_resources_pr2_description/share/moveit_resources_pr2_description/urdf/meshes/head_v0/head_pan_normals.tif
[1.708s] -- Installing: /home/akerem1427/ros2_ws/install/moveit_resources_pr2_description/share/moveit_resources_pr2_description/urdf/meshes/head_v0/head_pan.dae
[1.709s] -- Installing: /home/akerem1427/ros2_ws/install/moveit_resources_pr2_description/share/moveit_resources_pr2_description/urdf/meshes/head_v0/head_pan_color.tif
[1.709s] -- Installing: /home/akerem1427/ros2_ws/install/moveit_resources_pr2_description/share/moveit_resources_pr2_description/urdf/meshes/head_v0/head_pan.stl
[1.710s] -- Installing: /home/akerem1427/ros2_ws/install/moveit_resources_pr2_description/share/moveit_resources_pr2_description/urdf/meshes/head_v0/head_tilt_color_yellow.tif
[1.711s] -- Installing: /home/akerem1427/ros2_ws/install/moveit_resources_pr2_description/share/moveit_resources_pr2_description/urdf/meshes/head_v0/head_tilt_color_red.tif
[1.713s] -- Installing: /home/akerem1427/ros2_ws/install/moveit_resources_pr2_description/share/moveit_resources_pr2_description/urdf/meshes/head_v0/head_tilt_green.tif
[1.714s] -- Installing: /home/akerem1427/ros2_ws/install/moveit_resources_pr2_description/share/moveit_resources_pr2_description/urdf/meshes/head_v0/head_tilt.stl
[1.715s] -- Installing: /home/akerem1427/ros2_ws/install/moveit_resources_pr2_description/share/moveit_resources_pr2_description/urdf/meshes/head_v0/convex
[1.715s] -- Installing: /home/akerem1427/ros2_ws/install/moveit_resources_pr2_description/share/moveit_resources_pr2_description/urdf/meshes/head_v0/convex/head_pan_convex.stla
[1.716s] -- Installing: /home/akerem1427/ros2_ws/install/moveit_resources_pr2_description/share/moveit_resources_pr2_description/urdf/meshes/head_v0/convex/head_pan_L_convex.stlb
[1.716s] -- Installing: /home/akerem1427/ros2_ws/install/moveit_resources_pr2_description/share/moveit_resources_pr2_description/urdf/meshes/head_v0/convex/head_tilt_L_convex.stlb
[1.717s] -- Installing: /home/akerem1427/ros2_ws/install/moveit_resources_pr2_description/share/moveit_resources_pr2_description/urdf/meshes/head_v0/convex/head_tilt.dae
[1.717s] -- Installing: /home/akerem1427/ros2_ws/install/moveit_resources_pr2_description/share/moveit_resources_pr2_description/urdf/meshes/head_v0/convex/head_tilt_L.dae
[1.718s] -- Installing: /home/akerem1427/ros2_ws/install/moveit_resources_pr2_description/share/moveit_resources_pr2_description/urdf/meshes/head_v0/convex/head_pan.dae
[1.721s] -- Installing: /home/akerem1427/ros2_ws/install/moveit_resources_pr2_description/share/moveit_resources_pr2_description/urdf/meshes/head_v0/convex/head_pan_convex.stlb
[1.721s] -- Installing: /home/akerem1427/ros2_ws/install/moveit_resources_pr2_description/share/moveit_resources_pr2_description/urdf/meshes/head_v0/convex/head_tilt.xml
[1.721s] -- Installing: /home/akerem1427/ros2_ws/install/moveit_resources_pr2_description/share/moveit_resources_pr2_description/urdf/meshes/head_v0/convex/head_pan_L.xml
[1.721s] -- Installing: /home/akerem1427/ros2_ws/install/moveit_resources_pr2_description/share/moveit_resources_pr2_description/urdf/meshes/head_v0/convex/head_tilt_convex.stlb
[1.721s] -- Installing: /home/akerem1427/ros2_ws/install/moveit_resources_pr2_description/share/moveit_resources_pr2_description/urdf/meshes/head_v0/convex/head_tilt_convex.stla
[1.721s] -- Installing: /home/akerem1427/ros2_ws/install/moveit_resources_pr2_description/share/moveit_resources_pr2_description/urdf/meshes/head_v0/convex/head_tilt_L_convex.stla
[1.724s] -- Installing: /home/akerem1427/ros2_ws/install/moveit_resources_pr2_description/share/moveit_resources_pr2_description/urdf/meshes/head_v0/convex/head_tilt_L.xml
[1.725s] -- Installing: /home/akerem1427/ros2_ws/install/moveit_resources_pr2_description/share/moveit_resources_pr2_description/urdf/meshes/head_v0/convex/head_pan_L.dae
[1.725s] -- Installing: /home/akerem1427/ros2_ws/install/moveit_resources_pr2_description/share/moveit_resources_pr2_description/urdf/meshes/head_v0/convex/head_pan_L_convex.stla
[1.726s] -- Installing: /home/akerem1427/ros2_ws/install/moveit_resources_pr2_description/share/moveit_resources_pr2_description/urdf/meshes/head_v0/convex/head_pan.xml
[1.727s] -- Installing: /home/akerem1427/ros2_ws/install/moveit_resources_pr2_description/share/moveit_resources_pr2_description/urdf/meshes/sensors
[1.728s] -- Installing: /home/akerem1427/ros2_ws/install/moveit_resources_pr2_description/share/moveit_resources_pr2_description/urdf/meshes/sensors/kinect_prosilica_v0
[1.728s] -- Installing: /home/akerem1427/ros2_ws/install/moveit_resources_pr2_description/share/moveit_resources_pr2_description/urdf/meshes/sensors/kinect_prosilica_v0/68-04546_Kinect_Sensor--coarse.STL
[1.729s] -- Installing: /home/akerem1427/ros2_ws/install/moveit_resources_pr2_description/share/moveit_resources_pr2_description/urdf/meshes/sensors/kinect_prosilica_v0/115x100_swept_fwd_no_sensors--coarse.STL
[1.731s] -- Installing: /home/akerem1427/ros2_ws/install/moveit_resources_pr2_description/share/moveit_resources_pr2_description/urdf/meshes/sensors/kinect_prosilica_v0/115x100_swept_back--coarse.STL
[1.733s] -- Installing: /home/akerem1427/ros2_ws/install/moveit_resources_pr2_description/share/moveit_resources_pr2_description/urdf/meshes/sensors/kinect_prosilica_v0/115x100_swept_fwd--coarse.STL
[1.736s] -- Installing: /home/akerem1427/ros2_ws/install/moveit_resources_pr2_description/share/moveit_resources_pr2_description/urdf/meshes/sensors/kinect_prosilica_v0/115x100_swept_back_no_sensors--coarse.STL
[1.738s] -- Installing: /home/akerem1427/ros2_ws/install/moveit_resources_pr2_description/share/moveit_resources_pr2_description/urdf/meshes/sensors/kinect_prosilica_v0/Prosilica_w_Lens--coarse.STL
[1.741s] -- Installing: /home/akerem1427/ros2_ws/install/moveit_resources_pr2_description/share/moveit_resources_pr2_description/urdf/meshes/sensors/kinect_v0
[1.742s] -- Installing: /home/akerem1427/ros2_ws/install/moveit_resources_pr2_description/share/moveit_resources_pr2_description/urdf/meshes/sensors/kinect_v0/kinect.tga
[1.743s] -- Installing: /home/akerem1427/ros2_ws/install/moveit_resources_pr2_description/share/moveit_resources_pr2_description/urdf/meshes/sensors/kinect_v0/kinect.dae
[1.744s] -- Installing: /home/akerem1427/ros2_ws/install/moveit_resources_pr2_description/share/moveit_resources_pr2_description/urdf/meshes/sensors/kinect_v0/kinect_color.tga
[1.744s] -- Installing: /home/akerem1427/ros2_ws/install/moveit_resources_pr2_description/share/moveit_resources_pr2_description/urdf/meshes/sensors/kinect_v0/kinect_mount.stl
[1.746s] -- Installing: /home/akerem1427/ros2_ws/install/moveit_resources_pr2_description/share/moveit_resources_pr2_description/urdf/meshes/base_v0
[1.746s] -- Installing: /home/akerem1427/ros2_ws/install/moveit_resources_pr2_description/share/moveit_resources_pr2_description/urdf/meshes/base_v0/wheel.stl
[1.747s] -- Installing: /home/akerem1427/ros2_ws/install/moveit_resources_pr2_description/share/moveit_resources_pr2_description/urdf/meshes/base_v0/base_normals.tif
[1.749s] -- Installing: /home/akerem1427/ros2_ws/install/moveit_resources_pr2_description/share/moveit_resources_pr2_description/urdf/meshes/base_v0/wheel.dae
[1.750s] -- Installing: /home/akerem1427/ros2_ws/install/moveit_resources_pr2_description/share/moveit_resources_pr2_description/urdf/meshes/base_v0/caster_L.stl
[1.750s] -- Installing: /home/akerem1427/ros2_ws/install/moveit_resources_pr2_description/share/moveit_resources_pr2_description/urdf/meshes/base_v0/wheel_normals.tif
[1.755s] -- Installing: /home/akerem1427/ros2_ws/install/moveit_resources_pr2_description/share/moveit_resources_pr2_description/urdf/meshes/base_v0/caster.stl
[1.756s] -- Installing: /home/akerem1427/ros2_ws/install/moveit_resources_pr2_description/share/moveit_resources_pr2_description/urdf/meshes/base_v0/base_color.tif
[1.757s] -- Installing: /home/akerem1427/ros2_ws/install/moveit_resources_pr2_description/share/moveit_resources_pr2_description/urdf/meshes/base_v0/base.dae
[1.758s] -- Installing: /home/akerem1427/ros2_ws/install/moveit_resources_pr2_description/share/moveit_resources_pr2_description/urdf/meshes/base_v0/wheel_color.tif
[1.760s] -- Installing: /home/akerem1427/ros2_ws/install/moveit_resources_pr2_description/share/moveit_resources_pr2_description/urdf/meshes/base_v0/base.stl
[1.760s] -- Installing: /home/akerem1427/ros2_ws/install/moveit_resources_pr2_description/share/moveit_resources_pr2_description/urdf/meshes/base_v0/wheel_h_color.tif
[1.761s] -- Installing: /home/akerem1427/ros2_ws/install/moveit_resources_pr2_description/share/moveit_resources_pr2_description/urdf/meshes/base_v0/base_L.stl
[1.762s] -- Installing: /home/akerem1427/ros2_ws/install/moveit_resources_pr2_description/share/moveit_resources_pr2_description/urdf/meshes/base_v0/wheel_h.dae
[1.766s] -- Installing: /home/akerem1427/ros2_ws/install/moveit_resources_pr2_description/share/moveit_resources_pr2_description/urdf/meshes/base_v0/pr2_wheel.stl
[1.767s] -- Installing: /home/akerem1427/ros2_ws/install/moveit_resources_pr2_description/share/moveit_resources_pr2_description/urdf/meshes/base_v0/convex
[1.768s] -- Installing: /home/akerem1427/ros2_ws/install/moveit_resources_pr2_description/share/moveit_resources_pr2_description/urdf/meshes/base_v0/convex/pr2_wheel_convex.stlb
[1.768s] -- Installing: /home/akerem1427/ros2_ws/install/moveit_resources_pr2_description/share/moveit_resources_pr2_description/urdf/meshes/base_v0/convex/wheel.dae
[1.769s] -- Installing: /home/akerem1427/ros2_ws/install/moveit_resources_pr2_description/share/moveit_resources_pr2_description/urdf/meshes/base_v0/convex/caster_convex.stlb
[1.769s] -- Installing: /home/akerem1427/ros2_ws/install/moveit_resources_pr2_description/share/moveit_resources_pr2_description/urdf/meshes/base_v0/convex/caster_convex.stla
[1.770s] -- Installing: /home/akerem1427/ros2_ws/install/moveit_resources_pr2_description/share/moveit_resources_pr2_description/urdf/meshes/base_v0/convex/pr2_wheel.xml
[1.770s] -- Installing: /home/akerem1427/ros2_ws/install/moveit_resources_pr2_description/share/moveit_resources_pr2_description/urdf/meshes/base_v0/convex/wheel.xml
[1.771s] -- Installing: /home/akerem1427/ros2_ws/install/moveit_resources_pr2_description/share/moveit_resources_pr2_description/urdf/meshes/base_v0/convex/base_L.xml
[1.773s] -- Installing: /home/akerem1427/ros2_ws/install/moveit_resources_pr2_description/share/moveit_resources_pr2_description/urdf/meshes/base_v0/convex/pr2_wheel_convex.stla
[1.774s] -- Installing: /home/akerem1427/ros2_ws/install/moveit_resources_pr2_description/share/moveit_resources_pr2_description/urdf/meshes/base_v0/convex/pr2_wheel.dae
[1.775s] -- Installing: /home/akerem1427/ros2_ws/install/moveit_resources_pr2_description/share/moveit_resources_pr2_description/urdf/meshes/base_v0/convex/caster_L_convex.stlb
[1.776s] -- Installing: /home/akerem1427/ros2_ws/install/moveit_resources_pr2_description/share/moveit_resources_pr2_description/urdf/meshes/base_v0/convex/caster_L.xml
[1.776s] -- Installing: /home/akerem1427/ros2_ws/install/moveit_resources_pr2_description/share/moveit_resources_pr2_description/urdf/meshes/base_v0/convex/wheel_convex.stlb
[1.776s] -- Installing: /home/akerem1427/ros2_ws/install/moveit_resources_pr2_description/share/moveit_resources_pr2_description/urdf/meshes/base_v0/convex/base.xml
[1.777s] -- Installing: /home/akerem1427/ros2_ws/install/moveit_resources_pr2_description/share/moveit_resources_pr2_description/urdf/meshes/base_v0/convex/base.dae
[1.777s] -- Installing: /home/akerem1427/ros2_ws/install/moveit_resources_pr2_description/share/moveit_resources_pr2_description/urdf/meshes/base_v0/convex/base_L_convex.stlb
[1.778s] -- Installing: /home/akerem1427/ros2_ws/install/moveit_resources_pr2_description/share/moveit_resources_pr2_description/urdf/meshes/base_v0/convex/base_convex.stla
[1.778s] -- Installing: /home/akerem1427/ros2_ws/install/moveit_resources_pr2_description/share/moveit_resources_pr2_description/urdf/meshes/base_v0/convex/caster.xml
[1.779s] -- Installing: /home/akerem1427/ros2_ws/install/moveit_resources_pr2_description/share/moveit_resources_pr2_description/urdf/meshes/base_v0/convex/caster_L.dae
[1.779s] -- Installing: /home/akerem1427/ros2_ws/install/moveit_resources_pr2_description/share/moveit_resources_pr2_description/urdf/meshes/base_v0/convex/wheel_convex.stla
[1.779s] -- Installing: /home/akerem1427/ros2_ws/install/moveit_resources_pr2_description/share/moveit_resources_pr2_description/urdf/meshes/base_v0/convex/base_L.dae
[1.780s] -- Installing: /home/akerem1427/ros2_ws/install/moveit_resources_pr2_description/share/moveit_resources_pr2_description/urdf/meshes/base_v0/convex/caster_L_convex.stla
[1.780s] -- Installing: /home/akerem1427/ros2_ws/install/moveit_resources_pr2_description/share/moveit_resources_pr2_description/urdf/meshes/base_v0/convex/base_L_convex.stla
[1.781s] -- Installing: /home/akerem1427/ros2_ws/install/moveit_resources_pr2_description/share/moveit_resources_pr2_description/urdf/meshes/base_v0/convex/base_convex.stlb
[1.781s] -- Installing: /home/akerem1427/ros2_ws/install/moveit_resources_pr2_description/share/moveit_resources_pr2_description/urdf/meshes/base_v0/convex/caster.dae
[1.782s] -- Installing: /home/akerem1427/ros2_ws/install/moveit_resources_pr2_description/share/moveit_resources_pr2_description/urdf/meshes/gripper_v0
[1.782s] -- Installing: /home/akerem1427/ros2_ws/install/moveit_resources_pr2_description/share/moveit_resources_pr2_description/urdf/meshes/gripper_v0/l_finger_tip_color.tif
[1.783s] -- Installing: /home/akerem1427/ros2_ws/install/moveit_resources_pr2_description/share/moveit_resources_pr2_description/urdf/meshes/gripper_v0/gripper_palm.stl
[1.784s] -- Installing: /home/akerem1427/ros2_ws/install/moveit_resources_pr2_description/share/moveit_resources_pr2_description/urdf/meshes/gripper_v0/finger_H_Color_100430.tif
[1.785s] -- Installing: /home/akerem1427/ros2_ws/install/moveit_resources_pr2_description/share/moveit_resources_pr2_description/urdf/meshes/gripper_v0/gripper_palm_normals.tif
[1.789s] -- Installing: /home/akerem1427/ros2_ws/install/moveit_resources_pr2_description/share/moveit_resources_pr2_description/urdf/meshes/gripper_v0/finger_tip_H_UV_100430.dae
[1.795s] -- Installing: /home/akerem1427/ros2_ws/install/moveit_resources_pr2_description/share/moveit_resources_pr2_description/urdf/meshes/gripper_v0/palm_H_Color_100430.tif
[1.796s] -- Installing: /home/akerem1427/ros2_ws/install/moveit_resources_pr2_description/share/moveit_resources_pr2_description/urdf/meshes/gripper_v0/l_floating.stl
[1.797s] -- Installing: /home/akerem1427/ros2_ws/install/moveit_resources_pr2_description/share/moveit_resources_pr2_description/urdf/meshes/gripper_v0/l_finger_tip.stl
[1.798s] -- Installing: /home/akerem1427/ros2_ws/install/moveit_resources_pr2_description/share/moveit_resources_pr2_description/urdf/meshes/gripper_v0/l_finger_color.tif
[1.798s] -- Installing: /home/akerem1427/ros2_ws/install/moveit_resources_pr2_description/share/moveit_resources_pr2_description/urdf/meshes/gripper_v0/l_finger.dae
[1.799s] -- Installing: /home/akerem1427/ros2_ws/install/moveit_resources_pr2_description/share/moveit_resources_pr2_description/urdf/meshes/gripper_v0/l_finger_tip_normals.tif
[1.802s] -- Installing: /home/akerem1427/ros2_ws/install/moveit_resources_pr2_description/share/moveit_resources_pr2_description/urdf/meshes/gripper_v0/l_float_color.tif
[1.803s] -- Installing: /home/akerem1427/ros2_ws/install/moveit_resources_pr2_description/share/moveit_resources_pr2_description/urdf/meshes/gripper_v0/finger_tip_l.stl
[1.805s] -- Installing: /home/akerem1427/ros2_ws/install/moveit_resources_pr2_description/share/moveit_resources_pr2_description/urdf/meshes/gripper_v0/l_float_normals.tif
[1.809s] -- Installing: /home/akerem1427/ros2_ws/install/moveit_resources_pr2_description/share/moveit_resources_pr2_description/urdf/meshes/gripper_v0/l_float.dae
[1.809s] -- Installing: /home/akerem1427/ros2_ws/install/moveit_resources_pr2_description/share/moveit_resources_pr2_description/urdf/meshes/gripper_v0/palm_H_UV_100430.dae
[1.812s] -- Installing: /home/akerem1427/ros2_ws/install/moveit_resources_pr2_description/share/moveit_resources_pr2_description/urdf/meshes/gripper_v0/gripper_palm_color.tif
[1.813s] -- Installing: /home/akerem1427/ros2_ws/install/moveit_resources_pr2_description/share/moveit_resources_pr2_description/urdf/meshes/gripper_v0/fingertip_H_Color_100430.tif
[1.814s] -- Installing: /home/akerem1427/ros2_ws/install/moveit_resources_pr2_description/share/moveit_resources_pr2_description/urdf/meshes/gripper_v0/l_finger_tip.dae
[1.814s] -- Installing: /home/akerem1427/ros2_ws/install/moveit_resources_pr2_description/share/moveit_resources_pr2_description/urdf/meshes/gripper_v0/finger_tip_r.stl
[1.815s] -- Installing: /home/akerem1427/ros2_ws/install/moveit_resources_pr2_description/share/moveit_resources_pr2_description/urdf/meshes/gripper_v0/upper_finger_l.stl
[1.816s] -- Installing: /home/akerem1427/ros2_ws/install/moveit_resources_pr2_description/share/moveit_resources_pr2_description/urdf/meshes/gripper_v0/upper_finger_r.stl
[1.816s] -- Installing: /home/akerem1427/ros2_ws/install/moveit_resources_pr2_description/share/moveit_resources_pr2_description/urdf/meshes/gripper_v0/finger_H_UV_100430.dae
[1.823s] -- Installing: /home/akerem1427/ros2_ws/install/moveit_resources_pr2_description/share/moveit_resources_pr2_description/urdf/meshes/gripper_v0/float_H_Color_100430.tif
[1.823s] -- Installing: /home/akerem1427/ros2_ws/install/moveit_resources_pr2_description/share/moveit_resources_pr2_description/urdf/meshes/gripper_v0/gripper_palm.dae
[1.824s] -- Installing: /home/akerem1427/ros2_ws/install/moveit_resources_pr2_description/share/moveit_resources_pr2_description/urdf/meshes/gripper_v0/finger_tip_pad2_l.stl
[1.825s] -- Installing: /home/akerem1427/ros2_ws/install/moveit_resources_pr2_description/share/moveit_resources_pr2_description/urdf/meshes/gripper_v0/finger_tip_pad2_r.stl
[1.825s] -- Installing: /home/akerem1427/ros2_ws/install/moveit_resources_pr2_description/share/moveit_resources_pr2_description/urdf/meshes/gripper_v0/l_finger_normals.tif
[1.828s] -- Installing: /home/akerem1427/ros2_ws/install/moveit_resources_pr2_description/share/moveit_resources_pr2_description/urdf/meshes/gripper_v0/l_finger.stl
[1.829s] -- Installing: /home/akerem1427/ros2_ws/install/moveit_resources_pr2_description/share/moveit_resources_pr2_description/urdf/meshes/gripper_v0/float_H_UV_100430.dae
[1.834s] -- Installing: /home/akerem1427/ros2_ws/install/moveit_resources_pr2_description/share/moveit_resources_pr2_description/urdf/meshes/gripper_v0/convex
[1.834s] -- Installing: /home/akerem1427/ros2_ws/install/moveit_resources_pr2_description/share/moveit_resources_pr2_description/urdf/meshes/gripper_v0/convex/l_finger_tip_convex.stla
[1.835s] -- Installing: /home/akerem1427/ros2_ws/install/moveit_resources_pr2_description/share/moveit_resources_pr2_description/urdf/meshes/gripper_v0/convex/finger_tip_pad2_l_convex.stlb
[1.835s] -- Installing: /home/akerem1427/ros2_ws/install/moveit_resources_pr2_description/share/moveit_resources_pr2_description/urdf/meshes/gripper_v0/convex/gripper_palm_convex.stlb
[1.835s] -- Installing: /home/akerem1427/ros2_ws/install/moveit_resources_pr2_description/share/moveit_resources_pr2_description/urdf/meshes/gripper_v0/convex/gripper_palm.xml
[1.836s] -- Installing: /home/akerem1427/ros2_ws/install/moveit_resources_pr2_description/share/moveit_resources_pr2_description/urdf/meshes/gripper_v0/convex/l_floating_convex.stlb
[1.836s] -- Installing: /home/akerem1427/ros2_ws/install/moveit_resources_pr2_description/share/moveit_resources_pr2_description/urdf/meshes/gripper_v0/convex/finger_tip_r.xml
[1.836s] -- Installing: /home/akerem1427/ros2_ws/install/moveit_resources_pr2_description/share/moveit_resources_pr2_description/urdf/meshes/gripper_v0/convex/l_finger.dae
[1.837s] -- Installing: /home/akerem1427/ros2_ws/install/moveit_resources_pr2_description/share/moveit_resources_pr2_description/urdf/meshes/gripper_v0/convex/finger_tip_r_convex.stla
[1.837s] -- Installing: /home/akerem1427/ros2_ws/install/moveit_resources_pr2_description/share/moveit_resources_pr2_description/urdf/meshes/gripper_v0/convex/upper_finger_r.dae
[1.837s] -- Installing: /home/akerem1427/ros2_ws/install/moveit_resources_pr2_description/share/moveit_resources_pr2_description/urdf/meshes/gripper_v0/convex/finger_tip_r.dae
[1.838s] -- Installing: /home/akerem1427/ros2_ws/install/moveit_resources_pr2_description/share/moveit_resources_pr2_description/urdf/meshes/gripper_v0/convex/l_floating.xml
[1.838s] -- Installing: /home/akerem1427/ros2_ws/install/moveit_resources_pr2_description/share/moveit_resources_pr2_description/urdf/meshes/gripper_v0/convex/finger_tip_l.xml
[1.838s] -- Installing: /home/akerem1427/ros2_ws/install/moveit_resources_pr2_description/share/moveit_resources_pr2_description/urdf/meshes/gripper_v0/convex/upper_finger_l_convex.stlb
[1.839s] -- Installing: /home/akerem1427/ros2_ws/install/moveit_resources_pr2_description/share/moveit_resources_pr2_description/urdf/meshes/gripper_v0/convex/finger_tip_pad2_l.dae
[1.839s] -- Installing: /home/akerem1427/ros2_ws/install/moveit_resources_pr2_description/share/moveit_resources_pr2_description/urdf/meshes/gripper_v0/convex/l_finger_tip.xml
[1.839s] -- Installing: /home/akerem1427/ros2_ws/install/moveit_resources_pr2_description/share/moveit_resources_pr2_description/urdf/meshes/gripper_v0/convex/upper_finger_l.xml
[1.840s] -- Installing: /home/akerem1427/ros2_ws/install/moveit_resources_pr2_description/share/moveit_resources_pr2_description/urdf/meshes/gripper_v0/convex/finger_tip_pad2_r_convex.stla
[1.840s] -- Installing: /home/akerem1427/ros2_ws/install/moveit_resources_pr2_description/share/moveit_resources_pr2_description/urdf/meshes/gripper_v0/convex/l_finger_convex.stlb
[1.840s] -- Installing: /home/akerem1427/ros2_ws/install/moveit_resources_pr2_description/share/moveit_resources_pr2_description/urdf/meshes/gripper_v0/convex/l_finger_tip.dae
[1.841s] -- Installing: /home/akerem1427/ros2_ws/install/moveit_resources_pr2_description/share/moveit_resources_pr2_description/urdf/meshes/gripper_v0/convex/finger_tip_pad2_r.dae
[1.841s] -- Installing: /home/akerem1427/ros2_ws/install/moveit_resources_pr2_description/share/moveit_resources_pr2_description/urdf/meshes/gripper_v0/convex/finger_tip_pad2_l_convex.stla
[1.841s] -- Installing: /home/akerem1427/ros2_ws/install/moveit_resources_pr2_description/share/moveit_resources_pr2_description/urdf/meshes/gripper_v0/convex/l_finger_convex.stla
[1.842s] -- Installing: /home/akerem1427/ros2_ws/install/moveit_resources_pr2_description/share/moveit_resources_pr2_description/urdf/meshes/gripper_v0/convex/l_finger_tip_convex.stlb
[1.842s] -- Installing: /home/akerem1427/ros2_ws/install/moveit_resources_pr2_description/share/moveit_resources_pr2_description/urdf/meshes/gripper_v0/convex/upper_finger_l_convex.stla
[1.842s] -- Installing: /home/akerem1427/ros2_ws/install/moveit_resources_pr2_description/share/moveit_resources_pr2_description/urdf/meshes/gripper_v0/convex/upper_finger_r_convex.stlb
[1.843s] -- Installing: /home/akerem1427/ros2_ws/install/moveit_resources_pr2_description/share/moveit_resources_pr2_description/urdf/meshes/gripper_v0/convex/finger_tip_pad2_r.xml
[1.843s] -- Installing: /home/akerem1427/ros2_ws/install/moveit_resources_pr2_description/share/moveit_resources_pr2_description/urdf/meshes/gripper_v0/convex/finger_tip_r_convex.stlb
[1.843s] -- Installing: /home/akerem1427/ros2_ws/install/moveit_resources_pr2_description/share/moveit_resources_pr2_description/urdf/meshes/gripper_v0/convex/gripper_palm_convex.stla
[1.844s] -- Installing: /home/akerem1427/ros2_ws/install/moveit_resources_pr2_description/share/moveit_resources_pr2_description/urdf/meshes/gripper_v0/convex/upper_finger_r_convex.stla
[1.844s] -- Installing: /home/akerem1427/ros2_ws/install/moveit_resources_pr2_description/share/moveit_resources_pr2_description/urdf/meshes/gripper_v0/convex/gripper_palm.dae
[1.845s] -- Installing: /home/akerem1427/ros2_ws/install/moveit_resources_pr2_description/share/moveit_resources_pr2_description/urdf/meshes/gripper_v0/convex/finger_tip_pad2_r_convex.stlb
[1.845s] -- Installing: /home/akerem1427/ros2_ws/install/moveit_resources_pr2_description/share/moveit_resources_pr2_description/urdf/meshes/gripper_v0/convex/l_floating_convex.stla
[1.845s] -- Installing: /home/akerem1427/ros2_ws/install/moveit_resources_pr2_description/share/moveit_resources_pr2_description/urdf/meshes/gripper_v0/convex/upper_finger_r.xml
[1.846s] -- Installing: /home/akerem1427/ros2_ws/install/moveit_resources_pr2_description/share/moveit_resources_pr2_description/urdf/meshes/gripper_v0/convex/finger_tip_pad2_l.xml
[1.846s] -- Installing: /home/akerem1427/ros2_ws/install/moveit_resources_pr2_description/share/moveit_resources_pr2_description/urdf/meshes/gripper_v0/convex/finger_tip_l.dae
[1.847s] -- Installing: /home/akerem1427/ros2_ws/install/moveit_resources_pr2_description/share/moveit_resources_pr2_description/urdf/meshes/gripper_v0/convex/upper_finger_l.dae
[1.847s] -- Installing: /home/akerem1427/ros2_ws/install/moveit_resources_pr2_description/share/moveit_resources_pr2_description/urdf/meshes/gripper_v0/convex/finger_tip_l_convex.stlb
[1.848s] -- Installing: /home/akerem1427/ros2_ws/install/moveit_resources_pr2_description/share/moveit_resources_pr2_description/urdf/meshes/gripper_v0/convex/finger_tip_l_convex.stla
[1.848s] -- Installing: /home/akerem1427/ros2_ws/install/moveit_resources_pr2_description/share/moveit_resources_pr2_description/urdf/meshes/gripper_v0/convex/l_floating.dae
[1.848s] -- Installing: /home/akerem1427/ros2_ws/install/moveit_resources_pr2_description/share/moveit_resources_pr2_description/urdf/meshes/gripper_v0/convex/l_finger.xml
[1.849s] -- Installing: /home/akerem1427/ros2_ws/install/moveit_resources_pr2_description/share/moveit_resources_pr2_description/urdf/meshes/tilting_laser_v0
[1.850s] -- Installing: /home/akerem1427/ros2_ws/install/moveit_resources_pr2_description/share/moveit_resources_pr2_description/urdf/meshes/tilting_laser_v0/tilting_hokuyo_normals.tif
[1.852s] -- Installing: /home/akerem1427/ros2_ws/install/moveit_resources_pr2_description/share/moveit_resources_pr2_description/urdf/meshes/tilting_laser_v0/tilting_hokuyo.dae
[1.853s] -- Installing: /home/akerem1427/ros2_ws/install/moveit_resources_pr2_description/share/moveit_resources_pr2_description/urdf/meshes/tilting_laser_v0/tilting_hokuyo_color.tif
[1.854s] -- Installing: /home/akerem1427/ros2_ws/install/moveit_resources_pr2_description/share/moveit_resources_pr2_description/urdf/meshes/tilting_laser_v0/hok_tilt.stl
[1.854s] -- Installing: /home/akerem1427/ros2_ws/install/moveit_resources_pr2_description/share/moveit_resources_pr2_description/urdf/meshes/tilting_laser_v0/tilting_hokuyo.stl
[1.855s] -- Installing: /home/akerem1427/ros2_ws/install/moveit_resources_pr2_description/share/moveit_resources_pr2_description/urdf/meshes/tilting_laser_v0/tilting_hokuyo_L.stl
[1.855s] -- Installing: /home/akerem1427/ros2_ws/install/moveit_resources_pr2_description/share/moveit_resources_pr2_description/urdf/meshes/tilting_laser_v0/convex
[1.856s] -- Installing: /home/akerem1427/ros2_ws/install/moveit_resources_pr2_description/share/moveit_resources_pr2_description/urdf/meshes/tilting_laser_v0/convex/hok_tilt_convex.stlb
[1.856s] -- Installing: /home/akerem1427/ros2_ws/install/moveit_resources_pr2_description/share/moveit_resources_pr2_description/urdf/meshes/tilting_laser_v0/convex/hok_tilt.dae
[1.857s] -- Installing: /home/akerem1427/ros2_ws/install/moveit_resources_pr2_description/share/moveit_resources_pr2_description/urdf/meshes/tilting_laser_v0/convex/tilting_hokuyo.dae
[1.857s] -- Installing: /home/akerem1427/ros2_ws/install/moveit_resources_pr2_description/share/moveit_resources_pr2_description/urdf/meshes/tilting_laser_v0/convex/tilting_hokuyo_convex.stla
[1.858s] -- Installing: /home/akerem1427/ros2_ws/install/moveit_resources_pr2_description/share/moveit_resources_pr2_description/urdf/meshes/tilting_laser_v0/convex/tilting_hokuyo_L.dae
[1.858s] -- Installing: /home/akerem1427/ros2_ws/install/moveit_resources_pr2_description/share/moveit_resources_pr2_description/urdf/meshes/tilting_laser_v0/convex/hok_tilt.xml
[1.859s] -- Installing: /home/akerem1427/ros2_ws/install/moveit_resources_pr2_description/share/moveit_resources_pr2_description/urdf/meshes/tilting_laser_v0/convex/tilting_hokuyo.xml
[1.859s] -- Installing: /home/akerem1427/ros2_ws/install/moveit_resources_pr2_description/share/moveit_resources_pr2_description/urdf/meshes/tilting_laser_v0/convex/hok_tilt_convex.stla
[1.860s] -- Installing: /home/akerem1427/ros2_ws/install/moveit_resources_pr2_description/share/moveit_resources_pr2_description/urdf/meshes/tilting_laser_v0/convex/tilting_hokuyo_L_convex.stlb
[1.860s] -- Installing: /home/akerem1427/ros2_ws/install/moveit_resources_pr2_description/share/moveit_resources_pr2_description/urdf/meshes/tilting_laser_v0/convex/tilting_hokuyo_L_convex.stla
[1.860s] -- Installing: /home/akerem1427/ros2_ws/install/moveit_resources_pr2_description/share/moveit_resources_pr2_description/urdf/meshes/tilting_laser_v0/convex/tilting_hokuyo_convex.stlb
[1.861s] -- Installing: /home/akerem1427/ros2_ws/install/moveit_resources_pr2_description/share/moveit_resources_pr2_description/urdf/meshes/tilting_laser_v0/convex/tilting_hokuyo_L.xml
[1.861s] -- Installing: /home/akerem1427/ros2_ws/install/moveit_resources_pr2_description/share/moveit_resources_pr2_description/urdf/meshes/torso_v0
[1.862s] -- Installing: /home/akerem1427/ros2_ws/install/moveit_resources_pr2_description/share/moveit_resources_pr2_description/urdf/meshes/torso_v0/torso_lift.stl
[1.863s] -- Installing: /home/akerem1427/ros2_ws/install/moveit_resources_pr2_description/share/moveit_resources_pr2_description/urdf/meshes/torso_v0/torso_lift_normals.tif
[1.865s] -- Installing: /home/akerem1427/ros2_ws/install/moveit_resources_pr2_description/share/moveit_resources_pr2_description/urdf/meshes/torso_v0/torso_lift_color.tif
[1.866s] -- Installing: /home/akerem1427/ros2_ws/install/moveit_resources_pr2_description/share/moveit_resources_pr2_description/urdf/meshes/torso_v0/torso.stl
[1.867s] -- Installing: /home/akerem1427/ros2_ws/install/moveit_resources_pr2_description/share/moveit_resources_pr2_description/urdf/meshes/torso_v0/torso_lift.dae
[1.868s] -- Installing: /home/akerem1427/ros2_ws/install/moveit_resources_pr2_description/share/moveit_resources_pr2_description/urdf/meshes/torso_v0/torso_lift_L.stl
[1.868s] -- Installing: /home/akerem1427/ros2_ws/install/moveit_resources_pr2_description/share/moveit_resources_pr2_description/urdf/meshes/torso_v0/convex
[1.869s] -- Installing: /home/akerem1427/ros2_ws/install/moveit_resources_pr2_description/share/moveit_resources_pr2_description/urdf/meshes/torso_v0/convex/torso_lift_convex.stla
[1.869s] -- Installing: /home/akerem1427/ros2_ws/install/moveit_resources_pr2_description/share/moveit_resources_pr2_description/urdf/meshes/torso_v0/convex/torso_convex.stla
[1.870s] -- Installing: /home/akerem1427/ros2_ws/install/moveit_resources_pr2_description/share/moveit_resources_pr2_description/urdf/meshes/torso_v0/convex/torso_lift.xml
[1.870s] -- Installing: /home/akerem1427/ros2_ws/install/moveit_resources_pr2_description/share/moveit_resources_pr2_description/urdf/meshes/torso_v0/convex/torso.xml
[1.871s] -- Installing: /home/akerem1427/ros2_ws/install/moveit_resources_pr2_description/share/moveit_resources_pr2_description/urdf/meshes/torso_v0/convex/torso_lift_L_convex.stla
[1.871s] -- Installing: /home/akerem1427/ros2_ws/install/moveit_resources_pr2_description/share/moveit_resources_pr2_description/urdf/meshes/torso_v0/convex/torso.dae
[1.872s] -- Installing: /home/akerem1427/ros2_ws/install/moveit_resources_pr2_description/share/moveit_resources_pr2_description/urdf/meshes/torso_v0/convex/torso_convex.stlb
[1.872s] -- Installing: /home/akerem1427/ros2_ws/install/moveit_resources_pr2_description/share/moveit_resources_pr2_description/urdf/meshes/torso_v0/convex/torso_lift_convex.stlb
[1.872s] -- Installing: /home/akerem1427/ros2_ws/install/moveit_resources_pr2_description/share/moveit_resources_pr2_description/urdf/meshes/torso_v0/convex/torso_lift_L.xml
[1.872s] -- Installing: /home/akerem1427/ros2_ws/install/moveit_resources_pr2_description/share/moveit_resources_pr2_description/urdf/meshes/torso_v0/convex/torso_lift.dae
[1.873s] -- Installing: /home/akerem1427/ros2_ws/install/moveit_resources_pr2_description/share/moveit_resources_pr2_description/urdf/meshes/torso_v0/convex/torso_lift_L.dae
[1.873s] -- Installing: /home/akerem1427/ros2_ws/install/moveit_resources_pr2_description/share/moveit_resources_pr2_description/urdf/meshes/torso_v0/convex/torso_lift_L_convex.stlb
[1.874s] -- Installing: /home/akerem1427/ros2_ws/install/moveit_resources_pr2_description/share/moveit_resources_pr2_description/urdf/meshes/upper_arm_v0
[1.874s] -- Installing: /home/akerem1427/ros2_ws/install/moveit_resources_pr2_description/share/moveit_resources_pr2_description/urdf/meshes/upper_arm_v0/elbow_flex.dae
[1.875s] -- Installing: /home/akerem1427/ros2_ws/install/moveit_resources_pr2_description/share/moveit_resources_pr2_description/urdf/meshes/upper_arm_v0/forearm_roll.stl
[1.875s] -- Installing: /home/akerem1427/ros2_ws/install/moveit_resources_pr2_description/share/moveit_resources_pr2_description/urdf/meshes/upper_arm_v0/elbow_flex_color.tif
[1.876s] -- Installing: /home/akerem1427/ros2_ws/install/moveit_resources_pr2_description/share/moveit_resources_pr2_description/urdf/meshes/upper_arm_v0/forearm_roll_L.stl
[1.877s] -- Installing: /home/akerem1427/ros2_ws/install/moveit_resources_pr2_description/share/moveit_resources_pr2_description/urdf/meshes/upper_arm_v0/elbow_flex.stl
[1.877s] -- Installing: /home/akerem1427/ros2_ws/install/moveit_resources_pr2_description/share/moveit_resources_pr2_description/urdf/meshes/upper_arm_v0/upper_arm.dae
[1.879s] -- Installing: /home/akerem1427/ros2_ws/install/moveit_resources_pr2_description/share/moveit_resources_pr2_description/urdf/meshes/upper_arm_v0/upper_arm.jpg
[1.880s] -- Installing: /home/akerem1427/ros2_ws/install/moveit_resources_pr2_description/share/moveit_resources_pr2_description/urdf/meshes/upper_arm_v0/upper_arm_normals.tif
[1.884s] -- Installing: /home/akerem1427/ros2_ws/install/moveit_resources_pr2_description/share/moveit_resources_pr2_description/urdf/meshes/upper_arm_v0/upper_arm.stl
[1.885s] -- Installing: /home/akerem1427/ros2_ws/install/moveit_resources_pr2_description/share/moveit_resources_pr2_description/urdf/meshes/upper_arm_v0/elbow_flex_normals.tif
[1.888s] -- Installing: /home/akerem1427/ros2_ws/install/moveit_resources_pr2_description/share/moveit_resources_pr2_description/urdf/meshes/upper_arm_v0/upper_arm_color.tif
[1.889s] -- Installing: /home/akerem1427/ros2_ws/install/moveit_resources_pr2_description/share/moveit_resources_pr2_description/urdf/meshes/upper_arm_v0/convex
[1.890s] -- Installing: /home/akerem1427/ros2_ws/install/moveit_resources_pr2_description/share/moveit_resources_pr2_description/urdf/meshes/upper_arm_v0/convex/forearm_roll.xml
[1.890s] -- Installing: /home/akerem1427/ros2_ws/install/moveit_resources_pr2_description/share/moveit_resources_pr2_description/urdf/meshes/upper_arm_v0/convex/elbow_flex.dae
[1.891s] -- Installing: /home/akerem1427/ros2_ws/install/moveit_resources_pr2_description/share/moveit_resources_pr2_description/urdf/meshes/upper_arm_v0/convex/forearm_roll.dae
[1.892s] -- Installing: /home/akerem1427/ros2_ws/install/moveit_resources_pr2_description/share/moveit_resources_pr2_description/urdf/meshes/upper_arm_v0/convex/upper_arm_convex.stla
[1.892s] -- Installing: /home/akerem1427/ros2_ws/install/moveit_resources_pr2_description/share/moveit_resources_pr2_description/urdf/meshes/upper_arm_v0/convex/forearm_roll_L.dae
[1.893s] -- Installing: /home/akerem1427/ros2_ws/install/moveit_resources_pr2_description/share/moveit_resources_pr2_description/urdf/meshes/upper_arm_v0/convex/upper_arm_convex.stlb
[1.893s] -- Installing: /home/akerem1427/ros2_ws/install/moveit_resources_pr2_description/share/moveit_resources_pr2_description/urdf/meshes/upper_arm_v0/convex/upper_arm.xml
[1.894s] -- Installing: /home/akerem1427/ros2_ws/install/moveit_resources_pr2_description/share/moveit_resources_pr2_description/urdf/meshes/upper_arm_v0/convex/forearm_roll_convex.stla
[1.895s] -- Installing: /home/akerem1427/ros2_ws/install/moveit_resources_pr2_description/share/moveit_resources_pr2_description/urdf/meshes/upper_arm_v0/convex/forearm_roll_L_convex.stlb
[1.895s] -- Installing: /home/akerem1427/ros2_ws/install/moveit_resources_pr2_description/share/moveit_resources_pr2_description/urdf/meshes/upper_arm_v0/convex/upper_arm.dae
[1.896s] -- Installing: /home/akerem1427/ros2_ws/install/moveit_resources_pr2_description/share/moveit_resources_pr2_description/urdf/meshes/upper_arm_v0/convex/forearm_roll_L.xml
[1.896s] -- Installing: /home/akerem1427/ros2_ws/install/moveit_resources_pr2_description/share/moveit_resources_pr2_description/urdf/meshes/upper_arm_v0/convex/forearm_roll_L_convex.stla
[1.897s] -- Installing: /home/akerem1427/ros2_ws/install/moveit_resources_pr2_description/share/moveit_resources_pr2_description/urdf/meshes/upper_arm_v0/convex/forearm_roll_convex.stlb
[1.897s] -- Installing: /home/akerem1427/ros2_ws/install/moveit_resources_pr2_description/share/moveit_resources_pr2_description/urdf/meshes/upper_arm_v0/convex/elbow_flex.xml
[1.898s] -- Installing: /home/akerem1427/ros2_ws/install/moveit_resources_pr2_description/share/moveit_resources_pr2_description/urdf/meshes/upper_arm_v0/convex/elbow_flex_convex.stla
[1.899s] -- Installing: /home/akerem1427/ros2_ws/install/moveit_resources_pr2_description/share/moveit_resources_pr2_description/urdf/meshes/upper_arm_v0/convex/elbow_flex_convex.stlb
[1.899s] -- Installing: /home/akerem1427/ros2_ws/install/moveit_resources_pr2_description/share/moveit_resources_pr2_description/urdf/meshes/forearm_v0
[1.900s] -- Installing: /home/akerem1427/ros2_ws/install/moveit_resources_pr2_description/share/moveit_resources_pr2_description/urdf/meshes/forearm_v0/wrist_flex.dae
[1.900s] -- Installing: /home/akerem1427/ros2_ws/install/moveit_resources_pr2_description/share/moveit_resources_pr2_description/urdf/meshes/forearm_v0/forearm.jpg
[1.901s] -- Installing: /home/akerem1427/ros2_ws/install/moveit_resources_pr2_description/share/moveit_resources_pr2_description/urdf/meshes/forearm_v0/wrist_color.tif
[1.902s] -- Installing: /home/akerem1427/ros2_ws/install/moveit_resources_pr2_description/share/moveit_resources_pr2_description/urdf/meshes/forearm_v0/forearm.stl
[1.903s] -- Installing: /home/akerem1427/ros2_ws/install/moveit_resources_pr2_description/share/moveit_resources_pr2_description/urdf/meshes/forearm_v0/wrist_normals.tif
[1.905s] -- Installing: /home/akerem1427/ros2_ws/install/moveit_resources_pr2_description/share/moveit_resources_pr2_description/urdf/meshes/forearm_v0/forearm.dae
[1.906s] -- Installing: /home/akerem1427/ros2_ws/install/moveit_resources_pr2_description/share/moveit_resources_pr2_description/urdf/meshes/forearm_v0/forearm_normals.tif
[1.909s] -- Installing: /home/akerem1427/ros2_ws/install/moveit_resources_pr2_description/share/moveit_resources_pr2_description/urdf/meshes/forearm_v0/forearm_color.tif
[1.918s] -- Installing: /home/akerem1427/ros2_ws/install/moveit_resources_pr2_description/share/moveit_resources_pr2_description/urdf/meshes/forearm_v0/wrist_flex.stl
[1.919s] -- Installing: /home/akerem1427/ros2_ws/install/moveit_resources_pr2_description/share/moveit_resources_pr2_description/urdf/meshes/forearm_v0/wrist_roll.stl
[1.920s] -- Installing: /home/akerem1427/ros2_ws/install/moveit_resources_pr2_description/share/moveit_resources_pr2_description/urdf/meshes/forearm_v0/convex
[1.920s] -- Installing: /home/akerem1427/ros2_ws/install/moveit_resources_pr2_description/share/moveit_resources_pr2_description/urdf/meshes/forearm_v0/convex/wrist_flex.dae
[1.920s] -- Installing: /home/akerem1427/ros2_ws/install/moveit_resources_pr2_description/share/moveit_resources_pr2_description/urdf/meshes/forearm_v0/convex/wrist_roll.dae
[1.921s] -- Installing: /home/akerem1427/ros2_ws/install/moveit_resources_pr2_description/share/moveit_resources_pr2_description/urdf/meshes/forearm_v0/convex/forearm_convex.stlb
[1.921s] -- Installing: /home/akerem1427/ros2_ws/install/moveit_resources_pr2_description/share/moveit_resources_pr2_description/urdf/meshes/forearm_v0/convex/forearm.xml
[1.921s] -- Installing: /home/akerem1427/ros2_ws/install/moveit_resources_pr2_description/share/moveit_resources_pr2_description/urdf/meshes/forearm_v0/convex/wrist_flex.xml
[1.922s] -- Installing: /home/akerem1427/ros2_ws/install/moveit_resources_pr2_description/share/moveit_resources_pr2_description/urdf/meshes/forearm_v0/convex/wrist_roll_L_convex.stlb
[1.922s] -- Installing: /home/akerem1427/ros2_ws/install/moveit_resources_pr2_description/share/moveit_resources_pr2_description/urdf/meshes/forearm_v0/convex/wrist_flex_convex.stla
[1.922s] -- Installing: /home/akerem1427/ros2_ws/install/moveit_resources_pr2_description/share/moveit_resources_pr2_description/urdf/meshes/forearm_v0/convex/wrist_roll_L.dae
[1.922s] -- Installing: /home/akerem1427/ros2_ws/install/moveit_resources_pr2_description/share/moveit_resources_pr2_description/urdf/meshes/forearm_v0/convex/wrist_flex_convex.stlb
[1.923s] -- Installing: /home/akerem1427/ros2_ws/install/moveit_resources_pr2_description/share/moveit_resources_pr2_description/urdf/meshes/forearm_v0/convex/forearm.dae
[1.923s] -- Installing: /home/akerem1427/ros2_ws/install/moveit_resources_pr2_description/share/moveit_resources_pr2_description/urdf/meshes/forearm_v0/convex/wrist_roll_convex.stla
[1.924s] -- Installing: /home/akerem1427/ros2_ws/install/moveit_resources_pr2_description/share/moveit_resources_pr2_description/urdf/meshes/forearm_v0/convex/wrist_roll_L.xml
[1.924s] -- Installing: /home/akerem1427/ros2_ws/install/moveit_resources_pr2_description/share/moveit_resources_pr2_description/urdf/meshes/forearm_v0/convex/wrist_roll_convex.stlb
[1.924s] -- Installing: /home/akerem1427/ros2_ws/install/moveit_resources_pr2_description/share/moveit_resources_pr2_description/urdf/meshes/forearm_v0/convex/wrist_roll_L_convex.stla
[1.925s] -- Installing: /home/akerem1427/ros2_ws/install/moveit_resources_pr2_description/share/moveit_resources_pr2_description/urdf/meshes/forearm_v0/convex/wrist_roll.xml
[1.925s] -- Installing: /home/akerem1427/ros2_ws/install/moveit_resources_pr2_description/share/moveit_resources_pr2_description/urdf/meshes/forearm_v0/convex/forearm_convex.stla
[1.926s] -- Installing: /home/akerem1427/ros2_ws/install/moveit_resources_pr2_description/share/moveit_resources_pr2_description/urdf/meshes/forearm_v0/wrist_roll_L.stl
[1.926s] -- Installing: /home/akerem1427/ros2_ws/install/moveit_resources_pr2_description/share/moveit_resources_pr2_description/urdf/meshes/shoulder_v0
[1.927s] -- Installing: /home/akerem1427/ros2_ws/install/moveit_resources_pr2_description/share/moveit_resources_pr2_description/urdf/meshes/shoulder_v0/upper_arm_roll.stl
[1.927s] -- Installing: /home/akerem1427/ros2_ws/install/moveit_resources_pr2_description/share/moveit_resources_pr2_description/urdf/meshes/shoulder_v0/upper_arm_roll_normals.tif
[1.932s] -- Installing: /home/akerem1427/ros2_ws/install/moveit_resources_pr2_description/share/moveit_resources_pr2_description/urdf/meshes/shoulder_v0/upper_arm_roll.dae
[1.933s] -- Installing: /home/akerem1427/ros2_ws/install/moveit_resources_pr2_description/share/moveit_resources_pr2_description/urdf/meshes/shoulder_v0/upper_arm_roll_color.tif
[1.934s] -- Installing: /home/akerem1427/ros2_ws/install/moveit_resources_pr2_description/share/moveit_resources_pr2_description/urdf/meshes/shoulder_v0/shoulder_pan_normals.tif
[1.937s] -- Installing: /home/akerem1427/ros2_ws/install/moveit_resources_pr2_description/share/moveit_resources_pr2_description/urdf/meshes/shoulder_v0/upper_arm_roll_L.stl
[1.938s] -- Installing: /home/akerem1427/ros2_ws/install/moveit_resources_pr2_description/share/moveit_resources_pr2_description/urdf/meshes/shoulder_v0/shoulder_pan.stl
[1.938s] -- Installing: /home/akerem1427/ros2_ws/install/moveit_resources_pr2_description/share/moveit_resources_pr2_description/urdf/meshes/shoulder_v0/shoulder_lift_normals.tif
[1.940s] -- Installing: /home/akerem1427/ros2_ws/install/moveit_resources_pr2_description/share/moveit_resources_pr2_description/urdf/meshes/shoulder_v0/shoulder_lift.dae
[1.941s] -- Installing: /home/akerem1427/ros2_ws/install/moveit_resources_pr2_description/share/moveit_resources_pr2_description/urdf/meshes/shoulder_v0/shoulder_lift.stl
[1.942s] -- Installing: /home/akerem1427/ros2_ws/install/moveit_resources_pr2_description/share/moveit_resources_pr2_description/urdf/meshes/shoulder_v0/shoulder_pan_color.tif
[1.949s] -- Installing: /home/akerem1427/ros2_ws/install/moveit_resources_pr2_description/share/moveit_resources_pr2_description/urdf/meshes/shoulder_v0/shoulder_lift_color.tif
[1.950s] -- Installing: /home/akerem1427/ros2_ws/install/moveit_resources_pr2_description/share/moveit_resources_pr2_description/urdf/meshes/shoulder_v0/shoulder_yaw.stl
[1.951s] -- Installing: /home/akerem1427/ros2_ws/install/moveit_resources_pr2_description/share/moveit_resources_pr2_description/urdf/meshes/shoulder_v0/shoulder_pan.dae
[1.952s] -- Installing: /home/akerem1427/ros2_ws/install/moveit_resources_pr2_description/share/moveit_resources_pr2_description/urdf/meshes/shoulder_v0/convex
[1.952s] -- Installing: /home/akerem1427/ros2_ws/install/moveit_resources_pr2_description/share/moveit_resources_pr2_description/urdf/meshes/shoulder_v0/convex/shoulder_yaw.dae
[1.953s] -- Installing: /home/akerem1427/ros2_ws/install/moveit_resources_pr2_description/share/moveit_resources_pr2_description/urdf/meshes/shoulder_v0/convex/upper_arm_roll_L_convex.stlb
[1.953s] -- Installing: /home/akerem1427/ros2_ws/install/moveit_resources_pr2_description/share/moveit_resources_pr2_description/urdf/meshes/shoulder_v0/convex/upper_arm_roll.dae
[1.953s] -- Installing: /home/akerem1427/ros2_ws/install/moveit_resources_pr2_description/share/moveit_resources_pr2_description/urdf/meshes/shoulder_v0/convex/upper_arm_roll.xml
[1.954s] -- Installing: /home/akerem1427/ros2_ws/install/moveit_resources_pr2_description/share/moveit_resources_pr2_description/urdf/meshes/shoulder_v0/convex/shoulder_yaw.xml
[1.954s] -- Installing: /home/akerem1427/ros2_ws/install/moveit_resources_pr2_description/share/moveit_resources_pr2_description/urdf/meshes/shoulder_v0/convex/shoulder_pan_convex.stlb
[1.955s] -- Installing: /home/akerem1427/ros2_ws/install/moveit_resources_pr2_description/share/moveit_resources_pr2_description/urdf/meshes/shoulder_v0/convex/upper_arm_roll_L.dae
[1.955s] -- Installing: /home/akerem1427/ros2_ws/install/moveit_resources_pr2_description/share/moveit_resources_pr2_description/urdf/meshes/shoulder_v0/convex/shoulder_lift.xml
[1.956s] -- Installing: /home/akerem1427/ros2_ws/install/moveit_resources_pr2_description/share/moveit_resources_pr2_description/urdf/meshes/shoulder_v0/convex/shoulder_pan_convex.stla
[1.956s] -- Installing: /home/akerem1427/ros2_ws/install/moveit_resources_pr2_description/share/moveit_resources_pr2_description/urdf/meshes/shoulder_v0/convex/shoulder_yaw_convex.stla
[1.957s] -- Installing: /home/akerem1427/ros2_ws/install/moveit_resources_pr2_description/share/moveit_resources_pr2_description/urdf/meshes/shoulder_v0/convex/shoulder_yaw_convex.stlb
[1.957s] -- Installing: /home/akerem1427/ros2_ws/install/moveit_resources_pr2_description/share/moveit_resources_pr2_description/urdf/meshes/shoulder_v0/convex/upper_arm_roll_convex.stlb
[1.957s] -- Installing: /home/akerem1427/ros2_ws/install/moveit_resources_pr2_description/share/moveit_resources_pr2_description/urdf/meshes/shoulder_v0/convex/shoulder_lift_convex.stlb
[1.958s] -- Installing: /home/akerem1427/ros2_ws/install/moveit_resources_pr2_description/share/moveit_resources_pr2_description/urdf/meshes/shoulder_v0/convex/upper_arm_roll_L.xml
[1.958s] -- Installing: /home/akerem1427/ros2_ws/install/moveit_resources_pr2_description/share/moveit_resources_pr2_description/urdf/meshes/shoulder_v0/convex/shoulder_lift.dae
[1.959s] -- Installing: /home/akerem1427/ros2_ws/install/moveit_resources_pr2_description/share/moveit_resources_pr2_description/urdf/meshes/shoulder_v0/convex/upper_arm_roll_L_convex.stla
[1.960s] -- Installing: /home/akerem1427/ros2_ws/install/moveit_resources_pr2_description/share/moveit_resources_pr2_description/urdf/meshes/shoulder_v0/convex/shoulder_lift_convex.stla
[1.961s] -- Installing: /home/akerem1427/ros2_ws/install/moveit_resources_pr2_description/share/moveit_resources_pr2_description/urdf/meshes/shoulder_v0/convex/shoulder_pan.xml
[1.961s] -- Installing: /home/akerem1427/ros2_ws/install/moveit_resources_pr2_description/share/moveit_resources_pr2_description/urdf/meshes/shoulder_v0/convex/shoulder_pan.dae
[1.962s] -- Installing: /home/akerem1427/ros2_ws/install/moveit_resources_pr2_description/share/moveit_resources_pr2_description/urdf/meshes/shoulder_v0/convex/upper_arm_roll_convex.stla
[1.963s] -- Installing: /home/akerem1427/ros2_ws/install/moveit_resources_pr2_description/share/moveit_resources_pr2_description/kinect.dae
[1.968s] Invoked command in '/home/akerem1427/ros2_ws/build/moveit_resources_pr2_description' returned '0': CMAKE_PREFIX_PATH=${CMAKE_PREFIX_PATH}:/opt/ros/humble /usr/bin/cmake --install /home/akerem1427/ros2_ws/build/moveit_resources_pr2_description
