[0.114s] Invoking command in '/home/akerem1427/ros2_ws/build/ur_simulation_gazebo': CMAKE_PREFIX_PATH=${CMAKE_PREFIX_PATH}:/opt/ros/humble /usr/bin/cmake /home/akerem1427/ros2_ws/src/Universal_Robots_ROS2_Gazebo_Simulation/ur_simulation_gazebo -DCMAKE_INSTALL_PREFIX=/home/akerem1427/ros2_ws/install/ur_simulation_gazebo
[0.273s] -- The C compiler identification is GNU 11.4.0
[0.596s] -- The CXX compiler identification is GNU 11.4.0
[0.790s] -- Detecting C compiler ABI info
[0.882s] -- Detecting C compiler ABI info - done
[0.887s] -- Check for working C compiler: /usr/bin/cc - skipped
[0.887s] -- Detecting C compile features
[0.888s] -- Detecting C compile features - done
[0.891s] -- Detecting CXX compiler ABI info
[0.999s] -- Detecting CXX compiler ABI info - done
[1.004s] -- Check for working CXX compiler: /usr/bin/c++ - skipped
[1.004s] -- Detecting CXX compile features
[1.005s] -- Detecting CXX compile features - done
[1.020s] -- Found ament_cmake: 1.3.12 (/opt/ros/humble/share/ament_cmake/cmake)
[1.142s] -- Found Python3: /usr/bin/python3 (found version "3.10.12") found components: Interpreter 
[1.246s] -- Found launch_testing_ament_cmake: 1.0.13 (/opt/ros/humble/share/launch_testing_ament_cmake/cmake)
[1.248s] -- Found python_cmake_module: 0.10.0 (/opt/ros/humble/share/python_cmake_module/cmake)
[1.321s] -- Found PythonInterp: /usr/bin/python3 (found suitable version "3.10.12", minimum required is "3.6") 
[1.599s] -- Found PythonLibs: /usr/lib/x86_64-linux-gnu/libpython3.10.so (found suitable version "3.10.12", minimum required is "3.5") 
[1.599s] -- Using PYTHON_EXECUTABLE: /usr/bin/python3
[1.599s] -- Using PYTHON_INCLUDE_DIRS: /usr/include/python3.10
[1.599s] -- Using PYTHON_LIBRARIES: /usr/lib/x86_64-linux-gnu/libpython3.10.so
[1.615s] -- Found PythonExtra: .so  
[1.618s] -- Found ament_cmake_pytest: 1.3.12 (/opt/ros/humble/share/ament_cmake_pytest/cmake)
[1.672s] -- Configuring done
[1.675s] -- Generating done
[1.677s] -- Build files have been written to: /home/akerem1427/ros2_ws/build/ur_simulation_gazebo
[1.683s] Invoked command in '/home/akerem1427/ros2_ws/build/ur_simulation_gazebo' returned '0': CMAKE_PREFIX_PATH=${CMAKE_PREFIX_PATH}:/opt/ros/humble /usr/bin/cmake /home/akerem1427/ros2_ws/src/Universal_Robots_ROS2_Gazebo_Simulation/ur_simulation_gazebo -DCMAKE_INSTALL_PREFIX=/home/akerem1427/ros2_ws/install/ur_simulation_gazebo
[1.684s] Invoking command in '/home/akerem1427/ros2_ws/build/ur_simulation_gazebo': CMAKE_PREFIX_PATH=${CMAKE_PREFIX_PATH}:/opt/ros/humble /usr/bin/cmake --build /home/akerem1427/ros2_ws/build/ur_simulation_gazebo -- -j8 -l8
[1.717s] Invoked command in '/home/akerem1427/ros2_ws/build/ur_simulation_gazebo' returned '0': CMAKE_PREFIX_PATH=${CMAKE_PREFIX_PATH}:/opt/ros/humble /usr/bin/cmake --build /home/akerem1427/ros2_ws/build/ur_simulation_gazebo -- -j8 -l8
[1.725s] Invoking command in '/home/akerem1427/ros2_ws/build/ur_simulation_gazebo': CMAKE_PREFIX_PATH=${CMAKE_PREFIX_PATH}:/opt/ros/humble /usr/bin/cmake --install /home/akerem1427/ros2_ws/build/ur_simulation_gazebo
[1.731s] -- Install configuration: ""
[1.731s] -- Installing: /home/akerem1427/ros2_ws/install/ur_simulation_gazebo/share/ur_simulation_gazebo/config
[1.732s] -- Installing: /home/akerem1427/ros2_ws/install/ur_simulation_gazebo/share/ur_simulation_gazebo/config/ur_controllers.yaml
[1.732s] -- Installing: /home/akerem1427/ros2_ws/install/ur_simulation_gazebo/share/ur_simulation_gazebo/launch
[1.732s] -- Installing: /home/akerem1427/ros2_ws/install/ur_simulation_gazebo/share/ur_simulation_gazebo/launch/ur_sim_control.launch.py
[1.733s] -- Installing: /home/akerem1427/ros2_ws/install/ur_simulation_gazebo/share/ur_simulation_gazebo/launch/ur_sim_moveit.launch.py
[1.733s] -- Installing: /home/akerem1427/ros2_ws/install/ur_simulation_gazebo/share/ament_index/resource_index/package_run_dependencies/ur_simulation_gazebo
[1.733s] -- Installing: /home/akerem1427/ros2_ws/install/ur_simulation_gazebo/share/ament_index/resource_index/parent_prefix_path/ur_simulation_gazebo
[1.734s] -- Installing: /home/akerem1427/ros2_ws/install/ur_simulation_gazebo/share/ur_simulation_gazebo/environment/ament_prefix_path.sh
[1.734s] -- Installing: /home/akerem1427/ros2_ws/install/ur_simulation_gazebo/share/ur_simulation_gazebo/environment/ament_prefix_path.dsv
[1.734s] -- Installing: /home/akerem1427/ros2_ws/install/ur_simulation_gazebo/share/ur_simulation_gazebo/environment/path.sh
[1.734s] -- Installing: /home/akerem1427/ros2_ws/install/ur_simulation_gazebo/share/ur_simulation_gazebo/environment/path.dsv
[1.734s] -- Installing: /home/akerem1427/ros2_ws/install/ur_simulation_gazebo/share/ur_simulation_gazebo/local_setup.bash
[1.734s] -- Installing: /home/akerem1427/ros2_ws/install/ur_simulation_gazebo/share/ur_simulation_gazebo/local_setup.sh
[1.735s] -- Installing: /home/akerem1427/ros2_ws/install/ur_simulation_gazebo/share/ur_simulation_gazebo/local_setup.zsh
[1.735s] -- Installing: /home/akerem1427/ros2_ws/install/ur_simulation_gazebo/share/ur_simulation_gazebo/local_setup.dsv
[1.735s] -- Installing: /home/akerem1427/ros2_ws/install/ur_simulation_gazebo/share/ur_simulation_gazebo/package.dsv
[1.735s] -- Installing: /home/akerem1427/ros2_ws/install/ur_simulation_gazebo/share/ament_index/resource_index/packages/ur_simulation_gazebo
[1.736s] -- Installing: /home/akerem1427/ros2_ws/install/ur_simulation_gazebo/share/ur_simulation_gazebo/cmake/ur_simulation_gazeboConfig.cmake
[1.736s] -- Installing: /home/akerem1427/ros2_ws/install/ur_simulation_gazebo/share/ur_simulation_gazebo/cmake/ur_simulation_gazeboConfig-version.cmake
[1.736s] -- Installing: /home/akerem1427/ros2_ws/install/ur_simulation_gazebo/share/ur_simulation_gazebo/package.xml
[1.738s] Invoked command in '/home/akerem1427/ros2_ws/build/ur_simulation_gazebo' returned '0': CMAKE_PREFIX_PATH=${CMAKE_PREFIX_PATH}:/opt/ros/humble /usr/bin/cmake --install /home/akerem1427/ros2_ws/build/ur_simulation_gazebo
