[0.028s] Invoking command in '/home/akerem1427/ros2_ws/build/moveit_resources_panda_description': CMAKE_PREFIX_PATH=${CMAKE_PREFIX_PATH}:/opt/ros/humble /usr/bin/cmake /home/akerem1427/ros2_ws/src/moveit_resources/panda_description -DCMAKE_INSTALL_PREFIX=/home/akerem1427/ros2_ws/install/moveit_resources_panda_description
[0.163s] -- The C compiler identification is GNU 11.4.0
[0.555s] -- The CXX compiler identification is GNU 11.4.0
[0.845s] -- Detecting C compiler ABI info
[0.985s] -- Detecting C compiler ABI info - done
[0.994s] -- Check for working C compiler: /usr/bin/cc - skipped
[0.994s] -- Detecting C compile features
[0.995s] -- Detecting C compile features - done
[1.003s] -- Detecting CXX compiler ABI info
[1.141s] -- Detecting CXX compiler ABI info - done
[1.151s] -- Check for working CXX compiler: /usr/bin/c++ - skipped
[1.151s] -- Detecting CXX compile features
[1.152s] -- Detecting CXX compile features - done
[1.153s] -- Found ament_cmake: 1.3.12 (/opt/ros/humble/share/ament_cmake/cmake)
[1.316s] -- Found Python3: /usr/bin/python3 (found version "3.10.12") found components: Interpreter 
[1.490s] -- Configuring done
[1.494s] -- Generating done
[1.495s] -- Build files have been written to: /home/akerem1427/ros2_ws/build/moveit_resources_panda_description
[1.502s] Invoked command in '/home/akerem1427/ros2_ws/build/moveit_resources_panda_description' returned '0': CMAKE_PREFIX_PATH=${CMAKE_PREFIX_PATH}:/opt/ros/humble /usr/bin/cmake /home/akerem1427/ros2_ws/src/moveit_resources/panda_description -DCMAKE_INSTALL_PREFIX=/home/akerem1427/ros2_ws/install/moveit_resources_panda_description
[1.504s] Invoking command in '/home/akerem1427/ros2_ws/build/moveit_resources_panda_description': CMAKE_PREFIX_PATH=${CMAKE_PREFIX_PATH}:/opt/ros/humble /usr/bin/cmake --build /home/akerem1427/ros2_ws/build/moveit_resources_panda_description -- -j8 -l8
[1.539s] Invoked command in '/home/akerem1427/ros2_ws/build/moveit_resources_panda_description' returned '0': CMAKE_PREFIX_PATH=${CMAKE_PREFIX_PATH}:/opt/ros/humble /usr/bin/cmake --build /home/akerem1427/ros2_ws/build/moveit_resources_panda_description -- -j8 -l8
[1.542s] Invoking command in '/home/akerem1427/ros2_ws/build/moveit_resources_panda_description': CMAKE_PREFIX_PATH=${CMAKE_PREFIX_PATH}:/opt/ros/humble /usr/bin/cmake --install /home/akerem1427/ros2_ws/build/moveit_resources_panda_description
[1.548s] -- Install configuration: ""
[1.550s] -- Installing: /home/akerem1427/ros2_ws/install/moveit_resources_panda_description/share/ament_index/resource_index/package_run_dependencies/moveit_resources_panda_description
[1.551s] -- Installing: /home/akerem1427/ros2_ws/install/moveit_resources_panda_description/share/ament_index/resource_index/parent_prefix_path/moveit_resources_panda_description
[1.552s] -- Installing: /home/akerem1427/ros2_ws/install/moveit_resources_panda_description/share/moveit_resources_panda_description/environment/ament_prefix_path.sh
[1.552s] -- Installing: /home/akerem1427/ros2_ws/install/moveit_resources_panda_description/share/moveit_resources_panda_description/environment/ament_prefix_path.dsv
[1.552s] -- Installing: /home/akerem1427/ros2_ws/install/moveit_resources_panda_description/share/moveit_resources_panda_description/environment/path.sh
[1.552s] -- Installing: /home/akerem1427/ros2_ws/install/moveit_resources_panda_description/share/moveit_resources_panda_description/environment/path.dsv
[1.552s] -- Installing: /home/akerem1427/ros2_ws/install/moveit_resources_panda_description/share/moveit_resources_panda_description/local_setup.bash
[1.552s] -- Installing: /home/akerem1427/ros2_ws/install/moveit_resources_panda_description/share/moveit_resources_panda_description/local_setup.sh
[1.553s] -- Installing: /home/akerem1427/ros2_ws/install/moveit_resources_panda_description/share/moveit_resources_panda_description/local_setup.zsh
[1.553s] -- Installing: /home/akerem1427/ros2_ws/install/moveit_resources_panda_description/share/moveit_resources_panda_description/local_setup.dsv
[1.553s] -- Installing: /home/akerem1427/ros2_ws/install/moveit_resources_panda_description/share/moveit_resources_panda_description/package.dsv
[1.553s] -- Installing: /home/akerem1427/ros2_ws/install/moveit_resources_panda_description/share/ament_index/resource_index/packages/moveit_resources_panda_description
[1.553s] -- Installing: /home/akerem1427/ros2_ws/install/moveit_resources_panda_description/share/moveit_resources_panda_description/cmake/moveit_resources_panda_descriptionConfig.cmake
[1.554s] -- Installing: /home/akerem1427/ros2_ws/install/moveit_resources_panda_description/share/moveit_resources_panda_description/cmake/moveit_resources_panda_descriptionConfig-version.cmake
[1.554s] -- Installing: /home/akerem1427/ros2_ws/install/moveit_resources_panda_description/share/moveit_resources_panda_description/package.xml
[1.554s] -- Installing: /home/akerem1427/ros2_ws/install/moveit_resources_panda_description/share/moveit_resources_panda_description/meshes
[1.555s] -- Installing: /home/akerem1427/ros2_ws/install/moveit_resources_panda_description/share/moveit_resources_panda_description/meshes/visual
[1.555s] -- Installing: /home/akerem1427/ros2_ws/install/moveit_resources_panda_description/share/moveit_resources_panda_description/meshes/visual/link2.dae
[1.557s] -- Installing: /home/akerem1427/ros2_ws/install/moveit_resources_panda_description/share/moveit_resources_panda_description/meshes/visual/link1.dae
[1.559s] -- Installing: /home/akerem1427/ros2_ws/install/moveit_resources_panda_description/share/moveit_resources_panda_description/meshes/visual/finger.dae
[1.560s] -- Installing: /home/akerem1427/ros2_ws/install/moveit_resources_panda_description/share/moveit_resources_panda_description/meshes/visual/link5.dae
[1.565s] -- Installing: /home/akerem1427/ros2_ws/install/moveit_resources_panda_description/share/moveit_resources_panda_description/meshes/visual/hand.dae
[1.565s] -- Installing: /home/akerem1427/ros2_ws/install/moveit_resources_panda_description/share/moveit_resources_panda_description/meshes/visual/link4.dae
[1.568s] -- Installing: /home/akerem1427/ros2_ws/install/moveit_resources_panda_description/share/moveit_resources_panda_description/meshes/visual/link7.dae
[1.570s] -- Installing: /home/akerem1427/ros2_ws/install/moveit_resources_panda_description/share/moveit_resources_panda_description/meshes/visual/link0.dae
[1.574s] -- Installing: /home/akerem1427/ros2_ws/install/moveit_resources_panda_description/share/moveit_resources_panda_description/meshes/visual/link6.dae
[1.579s] -- Installing: /home/akerem1427/ros2_ws/install/moveit_resources_panda_description/share/moveit_resources_panda_description/meshes/visual/link3.dae
[1.583s] -- Installing: /home/akerem1427/ros2_ws/install/moveit_resources_panda_description/share/moveit_resources_panda_description/meshes/collision
[1.583s] -- Installing: /home/akerem1427/ros2_ws/install/moveit_resources_panda_description/share/moveit_resources_panda_description/meshes/collision/link4.stl
[1.584s] -- Installing: /home/akerem1427/ros2_ws/install/moveit_resources_panda_description/share/moveit_resources_panda_description/meshes/collision/link5.stl
[1.584s] -- Installing: /home/akerem1427/ros2_ws/install/moveit_resources_panda_description/share/moveit_resources_panda_description/meshes/collision/hand.stl
[1.585s] -- Installing: /home/akerem1427/ros2_ws/install/moveit_resources_panda_description/share/moveit_resources_panda_description/meshes/collision/link1.stl
[1.588s] -- Installing: /home/akerem1427/ros2_ws/install/moveit_resources_panda_description/share/moveit_resources_panda_description/meshes/collision/link2.stl
[1.589s] -- Installing: /home/akerem1427/ros2_ws/install/moveit_resources_panda_description/share/moveit_resources_panda_description/meshes/collision/link3.stl
[1.589s] -- Installing: /home/akerem1427/ros2_ws/install/moveit_resources_panda_description/share/moveit_resources_panda_description/meshes/collision/finger.stl
[1.590s] -- Installing: /home/akerem1427/ros2_ws/install/moveit_resources_panda_description/share/moveit_resources_panda_description/meshes/collision/link6.stl
[1.590s] -- Installing: /home/akerem1427/ros2_ws/install/moveit_resources_panda_description/share/moveit_resources_panda_description/meshes/collision/link7.stl
[1.590s] -- Installing: /home/akerem1427/ros2_ws/install/moveit_resources_panda_description/share/moveit_resources_panda_description/meshes/collision/link0.stl
[1.591s] -- Installing: /home/akerem1427/ros2_ws/install/moveit_resources_panda_description/share/moveit_resources_panda_description/urdf
[1.593s] -- Installing: /home/akerem1427/ros2_ws/install/moveit_resources_panda_description/share/moveit_resources_panda_description/urdf/panda.urdf
[1.596s] Invoked command in '/home/akerem1427/ros2_ws/build/moveit_resources_panda_description' returned '0': CMAKE_PREFIX_PATH=${CMAKE_PREFIX_PATH}:/opt/ros/humble /usr/bin/cmake --install /home/akerem1427/ros2_ws/build/moveit_resources_panda_description
